<?xml version="1.0" encoding="UTF-8"?>
<!-- Generated by org.testng.reporters.JUnitXMLReporter -->
<testsuite ignored="10" hostname="DESKTOP-VIGFA1G" failures="9" tests="118" name="All test class" time="4352.064" errors="0" timestamp="2024-05-23T17:46:53 IST">
  <testcase classname="Page_Test.Login_Page_Test" name="TC001_Verify_Login_with_Invalid_credential" time="11.295"/>
  <testcase classname="Page_Test.Login_Page_Test" name="TC002_invalidmobileno" time="14.621"/>
  <testcase classname="Page_Test.Login_Page_Test" name="TC003_verify_update_number" time="23.655"/>
  <testcase classname="Page_Test.Login_Page_Test" name="TC004_Verify_Login_with_short_length_of_mobile_number_credential" time="5.285"/>
  <testcase classname="Page_Test.Login_Page_Test" name="TC005_max_digit_mobile_number" time="6.441"/>
  <testcase classname="Page_Test.Login_Page_Test" name="TC006_Terms_of_use_button" time="29.967"/>
  <testcase classname="Page_Test.Login_Page_Test" name="TC007_Privacy_policy" time="21.333"/>
  <testcase classname="Page_Test.Login_Page_Test" name="TC008_contact_Us" time="11.44"/>
  <testcase classname="Page_Test.Login_Page_Test" name="TC009_Continue_as_guest" time="86.022"/>
  <testcase classname="Page_Test.Login_Page_Test" name="TC010_Verify_Login_with_valid_credential" time="40.254"/>
  <testcase classname="Page_Test.Login_Page_Test" name="TC011_resend_butn" time="22.111"/>
  <testcase classname="Page_Test.Login_Page_Test" name="TC012_inavalid_OTP" time="24.412"/>
  <testcase classname="Page_Test.Login_Page_Test" name="TC013_edit_moble" time="46.192"/>
  <testcase classname="Page_Test.Select_Vehicle_Page_Test" name="TC014_verify_Nick_Name" time="20.571"/>
  <testcase classname="Page_Test.Select_Vehicle_Page_Test" name="TC015_Verify_With_30_letter_nick_name" time="14.8"/>
  <testcase classname="Page_Test.Select_Vehicle_Page_Test" name="TC016_Verify_With_31_letter_nick_name" time="14.988"/>
  <testcase classname="Page_Test.Select_Vehicle_Page_Test" name="TC017_Verify_With_29_letter_nick_name" time="13.933"/>
  <testcase classname="Page_Test.Select_Vehicle_Page_Test" name="TC018_Select_Vehicle" time="42.003"/>
  <testcase classname="Page_Test.Home_Page_Test" name="TC019_Home_page_verify" time="54.289"/>
  <testcase classname="Page_Test.Home_Page_Test" name="TC020_verify_SOS" time="28.807"/>
  <testcase classname="Page_Test.Home_Page_Test" name="TC021_verify_Navigate" time="48.313"/>
  <testcase classname="Page_Test.Home_Page_Test" name="TC022_verify_Exchange" time="61.475"/>
  <testcase classname="Page_Test.Home_Page_Test" name="TC023_verify_Vehicle_details" time="23.875"/>
  <testcase classname="Page_Test.Home_Page_Test" name="TC024_verify_Vehicle_condition" time="95.655"/>
  <testcase classname="Page_Test.Home_Page_Test" name="TC025_verify_Vehicle_valution" time="72.16"/>
  <testcase classname="Page_Test.Home_Page_Test" name="TC026_Verify_RC_Documents" time="42.911">
    <failure type="java.lang.NullPointerException" message="Cannot invoke &amp;quot;com.utility.listner.getcapcture(String)&amp;quot; because &amp;quot;com.utility.Base_Utility.lis&amp;quot; is null">
      <![CDATA[java.lang.NullPointerException: Cannot invoke "com.utility.listner.getcapcture(String)" because "com.utility.Base_Utility.lis" is null
at com.utility.Base_Utility.Custom_click(Base_Utility.java:307)
at Page_Test.Home_Page_Test.TC026_Verify_RC_Documents(Home_Page_Test.java:170)
at java.base/java.util.ArrayList.forEach(ArrayList.java:1511)
... Removed 27 stack frames]]>
    </failure>
  </testcase> <!-- TC026_Verify_RC_Documents -->
  <testcase classname="Page_Test.Home_Page_Test" name="TC027_Verify_Insurance_Documents" time="20.188">
    <failure type="java.lang.IndexOutOfBoundsException" message="Index 1 out of bounds for length 0">
      <![CDATA[java.lang.IndexOutOfBoundsException: Index 1 out of bounds for length 0
at java.base/jdk.internal.util.Preconditions.outOfBounds(Preconditions.java:64)
at java.base/jdk.internal.util.Preconditions.outOfBoundsCheckIndex(Preconditions.java:70)
at java.base/jdk.internal.util.Preconditions.checkIndex(Preconditions.java:266)
at java.base/java.util.Objects.checkIndex(Objects.java:361)
at java.base/java.util.ArrayList.get(ArrayList.java:427)
at org.openqa.selenium.support.pagefactory.internal.LocatingElementListHandler.invoke(LocatingElementListHandler.java:40)
at jdk.proxy2/jdk.proxy2.$Proxy33.get(Unknown Source)
at Page_Test.Home_Page_Test.TC027_Verify_Insurance_Documents(Home_Page_Test.java:207)
at java.base/java.util.ArrayList.forEach(ArrayList.java:1511)
... Removed 30 stack frames]]>
    </failure>
  </testcase> <!-- TC027_Verify_Insurance_Documents -->
  <testcase classname="Page_Test.Home_Page_Test" name="TC028_Verify_PUC_Documents" time="20.194">
    <failure type="java.lang.IndexOutOfBoundsException" message="Index 2 out of bounds for length 0">
      <![CDATA[java.lang.IndexOutOfBoundsException: Index 2 out of bounds for length 0
at java.base/jdk.internal.util.Preconditions.outOfBounds(Preconditions.java:64)
at java.base/jdk.internal.util.Preconditions.outOfBoundsCheckIndex(Preconditions.java:70)
at java.base/jdk.internal.util.Preconditions.checkIndex(Preconditions.java:266)
at java.base/java.util.Objects.checkIndex(Objects.java:361)
at java.base/java.util.ArrayList.get(ArrayList.java:427)
at org.openqa.selenium.support.pagefactory.internal.LocatingElementListHandler.invoke(LocatingElementListHandler.java:40)
at jdk.proxy2/jdk.proxy2.$Proxy33.get(Unknown Source)
at Page_Test.Home_Page_Test.TC028_Verify_PUC_Documents(Home_Page_Test.java:257)
at java.base/java.util.ArrayList.forEach(ArrayList.java:1511)
... Removed 30 stack frames]]>
    </failure>
  </testcase> <!-- TC028_Verify_PUC_Documents -->
  <testcase classname="Page_Test.Home_Page_Test" name="TC029_Verify_Challans_Documents" time="20.949"/>
  <testcase classname="Page_Test.Home_Page_Test" name="TC030_Verify_Relationship_Manager" time="25.873"/>
  <testcase classname="Page_Test.Home_Page_Test" name="TC031_Verify_RSA" time="16.737"/>
  <testcase classname="Page_Test.Home_Page_Test" name="TC032_Renew_RSA" time="20.193"/>
  <testcase classname="Page_Test.Home_Page_Test" name="TC033_frequently_asked_questions" time="50.489"/>
  <testcase classname="Page_Test.Home_Page_Test" name="TC034_Verify_Technical_Support_Manager" time="11.176"/>
  <testcase classname="Page_Test.Home_Page_Test" name="TC035_Verify_Dealer_Locator" time="17.024"/>
  <testcase classname="Page_Test.Home_Page_Test" name="TC036_Select_city" time="42.31"/>
  <testcase classname="Page_Test.Home_Page_Test" name="TC037_View_dealer_name_and_address" time="19.041"/>
  <testcase classname="Page_Test.Home_Page_Test" name="TC038_verify_Service_at_home_page" time="55.069"/>
  <testcase classname="Page_Test.Home_Page_Test" name="TC039_verify_Active_Booking_at_home_page" time="13.409"/>
  <testcase classname="Page_Test.Home_Page_Test" name="TC040_verify_EShop" time="26.063"/>
  <testcase classname="Page_Test.Home_Page_Test" name="TC041_verify_Benifits_Vehicle_Exchange" time="10.06">
    <failure type="java.lang.NullPointerException" message="Cannot invoke &amp;quot;com.utility.listner.getcapcture(String)&amp;quot; because &amp;quot;com.utility.Base_Utility.lis&amp;quot; is null">
      <![CDATA[java.lang.NullPointerException: Cannot invoke "com.utility.listner.getcapcture(String)" because "com.utility.Base_Utility.lis" is null
at com.utility.Base_Utility.Custom_click(Base_Utility.java:307)
at Page_Test.Home_Page_Test.TC041_verify_Benifits_Vehicle_Exchange(Home_Page_Test.java:470)
at java.base/java.util.ArrayList.forEach(ArrayList.java:1511)
... Removed 27 stack frames]]>
    </failure>
  </testcase> <!-- TC041_verify_Benifits_Vehicle_Exchange -->
  <testcase classname="Page_Test.My_Profile_Page_Test" name="TC039_Verify_My_Profile" time="25.849">
    <failure type="java.lang.NullPointerException" message="Cannot invoke &amp;quot;com.utility.listner.getcapcture(String)&amp;quot; because &amp;quot;com.utility.Base_Utility.lis&amp;quot; is null">
      <![CDATA[java.lang.NullPointerException: Cannot invoke "com.utility.listner.getcapcture(String)" because "com.utility.Base_Utility.lis" is null
at com.utility.Base_Utility.Custom_click(Base_Utility.java:307)
at Page_Test.My_Profile_Page_Test.TC039_Verify_My_Profile(My_Profile_Page_Test.java:32)
at java.base/java.util.ArrayList.forEach(ArrayList.java:1511)
... Removed 27 stack frames]]>
    </failure>
  </testcase> <!-- TC039_Verify_My_Profile -->
  <testcase classname="Page_Test.My_Profile_Page_Test" name="TC040_verify_more_detais_button" time="10.056">
    <failure type="org.openqa.selenium.NoSuchElementException" message="Time out after waiting for element //android.widget.TextView[@resource-id =&amp;apos;com.customerapp.hero:id/tv_details&amp;apos;] for 10000 ms
For documentation on this error, please visit: https://selenium.dev/exceptions/#no_such_element
Build info: version: &amp;apos;4.8.1&amp;apos;, revision: &amp;apos;8ebccac989&amp;apos;
System info: os.name: &amp;apos;Windows 10&amp;apos;, os.arch: &amp;apos;amd64&amp;apos;, os.version: &amp;apos;10.0&amp;apos;, java.version: &amp;apos;17.0.10&amp;apos;
Driver info: io.appium.java_client.android.AndroidDriver
Command: [eb230a27-a368-4ca6-a8a7-23c1b6f790a9, findElement {using=xpath, value=//android.widget.TextView[@resource-id =&amp;apos;com.customerapp.hero:id/tv_details&amp;apos;]}]
Capabilities {appium:app: /opt/raid-data/data/userV2/..., appium:appActivity: com.customerapp.hero.views...., appium:appPackage: com.customerapp.hero, appium:automationName: uiautomator2, appium:chromedriverPort: 31382, appium:databaseEnabled: false, appium:desired: {app: /opt/raid-data/data/userV2/..., appActivity: com.customerapp.hero.views...., appPackage: com.customerapp.hero, automationName: uiautomator2, chromedriverPort: 31382, deviceName: 618, launchTimeout: 90000, newCommandTimeout: 600, pcloudy:options: {appiumVersion: 2.0.0, pCloudy_ApiKey: 2gdc5pv55mh54mqtwmvj4xbr, pCloudy_DeviceManufacturer: SAMSUNG, pCloudy_DeviceVersion: 13.0.0, pCloudy_DurationInMinutes: 120, pCloudy_EnableDeviceLogs: true, pCloudy_EnablePerformanceData: true, pCloudy_EnableVideo: true, pCloudy_Username: randhir.kumar@heromotocorp.com, pCloudy_WildNet: false}, platformName: android, platformVersion: 12.0.0, systemPort: 31384, udid: RZ8R11NR6FH}, appium:deviceApiLevel: 33, appium:deviceManufacturer: samsung, appium:deviceModel: SM-A715F, appium:deviceName: RZ8R11NR6FH, appium:deviceScreenDensity: 420, appium:deviceScreenSize: 1080x2400, appium:deviceUDID: RZ8R11NR6FH, appium:javascriptEnabled: true, appium:launchTimeout: 90000, appium:locationContextEnabled: false, appium:networkConnectionEnabled: true, appium:newCommandTimeout: 600, appium:pixelRatio: 2.625, appium:platformVersion: 13, appium:statBarHeight: 91, appium:systemPort: 31384, appium:takesScreenshot: true, appium:udid: RZ8R11NR6FH, appium:viewportRect: {height: 2092, left: 0, top: 91, width: 1080}, appium:warnings: {}, appium:webStorageEnabled: false, pcloudy:options: {appiumVersion: 2.0.0, pCloudy_ApiKey: 2gdc5pv55mh54mqtwmvj4xbr, pCloudy_DeviceManufacturer: SAMSUNG, pCloudy_DeviceVersion: 13.0.0, pCloudy_DurationInMinutes: 120, pCloudy_EnableDeviceLogs: true, pCloudy_EnablePerformanceData: true, pCloudy_EnableVideo: true, pCloudy_Username: randhir.kumar@heromotocorp.com, pCloudy_WildNet: false}, platformName: ANDROID}
Session ID: eb230a27-a368-4ca6-a8a7-23c1b6f790a9">
      <![CDATA[org.openqa.selenium.NoSuchElementException: Time out after waiting for element //android.widget.TextView[@resource-id ='com.customerapp.hero:id/tv_details'] for 10000 ms
For documentation on this error, please visit: https://selenium.dev/exceptions/#no_such_element
Build info: version: '4.8.1', revision: '8ebccac989'
System info: os.name: 'Windows 10', os.arch: 'amd64', os.version: '10.0', java.version: '17.0.10'
Driver info: io.appium.java_client.android.AndroidDriver
Command: [eb230a27-a368-4ca6-a8a7-23c1b6f790a9, findElement {using=xpath, value=//android.widget.TextView[@resource-id ='com.customerapp.hero:id/tv_details']}]
Capabilities {appium:app: /opt/raid-data/data/userV2/..., appium:appActivity: com.customerapp.hero.views...., appium:appPackage: com.customerapp.hero, appium:automationName: uiautomator2, appium:chromedriverPort: 31382, appium:databaseEnabled: false, appium:desired: {app: /opt/raid-data/data/userV2/..., appActivity: com.customerapp.hero.views...., appPackage: com.customerapp.hero, automationName: uiautomator2, chromedriverPort: 31382, deviceName: 618, launchTimeout: 90000, newCommandTimeout: 600, pcloudy:options: {appiumVersion: 2.0.0, pCloudy_ApiKey: 2gdc5pv55mh54mqtwmvj4xbr, pCloudy_DeviceManufacturer: SAMSUNG, pCloudy_DeviceVersion: 13.0.0, pCloudy_DurationInMinutes: 120, pCloudy_EnableDeviceLogs: true, pCloudy_EnablePerformanceData: true, pCloudy_EnableVideo: true, pCloudy_Username: randhir.kumar@heromotocorp.com, pCloudy_WildNet: false}, platformName: android, platformVersion: 12.0.0, systemPort: 31384, udid: RZ8R11NR6FH}, appium:deviceApiLevel: 33, appium:deviceManufacturer: samsung, appium:deviceModel: SM-A715F, appium:deviceName: RZ8R11NR6FH, appium:deviceScreenDensity: 420, appium:deviceScreenSize: 1080x2400, appium:deviceUDID: RZ8R11NR6FH, appium:javascriptEnabled: true, appium:launchTimeout: 90000, appium:locationContextEnabled: false, appium:networkConnectionEnabled: true, appium:newCommandTimeout: 600, appium:pixelRatio: 2.625, appium:platformVersion: 13, appium:statBarHeight: 91, appium:systemPort: 31384, appium:takesScreenshot: true, appium:udid: RZ8R11NR6FH, appium:viewportRect: {height: 2092, left: 0, top: 91, width: 1080}, appium:warnings: {}, appium:webStorageEnabled: false, pcloudy:options: {appiumVersion: 2.0.0, pCloudy_ApiKey: 2gdc5pv55mh54mqtwmvj4xbr, pCloudy_DeviceManufacturer: SAMSUNG, pCloudy_DeviceVersion: 13.0.0, pCloudy_DurationInMinutes: 120, pCloudy_EnableDeviceLogs: true, pCloudy_EnablePerformanceData: true, pCloudy_EnableVideo: true, pCloudy_Username: randhir.kumar@heromotocorp.com, pCloudy_WildNet: false}, platformName: ANDROID}
Session ID: eb230a27-a368-4ca6-a8a7-23c1b6f790a9
at org.openqa.selenium.remote.codec.w3c.W3CHttpResponseCodec.createException(W3CHttpResponseCodec.java:200)
at org.openqa.selenium.remote.codec.w3c.W3CHttpResponseCodec.decode(W3CHttpResponseCodec.java:133)
at org.openqa.selenium.remote.codec.w3c.W3CHttpResponseCodec.decode(W3CHttpResponseCodec.java:53)
at org.openqa.selenium.remote.HttpCommandExecutor.execute(HttpCommandExecutor.java:184)
at io.appium.java_client.remote.AppiumCommandExecutor.execute(AppiumCommandExecutor.java:262)
at org.openqa.selenium.remote.RemoteWebDriver.execute(RemoteWebDriver.java:543)
at org.openqa.selenium.remote.ElementLocation$ElementFinder$2.findElement(ElementLocation.java:162)
at org.openqa.selenium.remote.ElementLocation.findElement(ElementLocation.java:60)
at org.openqa.selenium.remote.RemoteWebDriver.findElement(RemoteWebDriver.java:352)
at org.openqa.selenium.remote.RemoteWebDriver.findElement(RemoteWebDriver.java:344)
at org.openqa.selenium.support.pagefactory.DefaultElementLocator.findElement(DefaultElementLocator.java:70)
at org.openqa.selenium.support.pagefactory.internal.LocatingElementHandler.invoke(LocatingElementHandler.java:39)
at jdk.proxy2/jdk.proxy2.$Proxy32.getText(Unknown Source)
at Page_Test.My_Profile_Page_Test.TC040_verify_more_detais_button(My_Profile_Page_Test.java:44)
at java.base/java.util.ArrayList.forEach(ArrayList.java:1511)
... Removed 32 stack frames]]>
    </failure>
  </testcase> <!-- TC040_verify_more_detais_button -->
  <testcase classname="Page_Test.My_Profile_Page_Test" name="TC041_edit_profile_button" time="10.058">
    <failure type="java.lang.NullPointerException" message="Cannot invoke &amp;quot;com.utility.listner.getcapcture(String)&amp;quot; because &amp;quot;com.utility.Base_Utility.lis&amp;quot; is null">
      <![CDATA[java.lang.NullPointerException: Cannot invoke "com.utility.listner.getcapcture(String)" because "com.utility.Base_Utility.lis" is null
at com.utility.Base_Utility.Custom_click(Base_Utility.java:307)
at Page_Test.My_Profile_Page_Test.TC041_edit_profile_button(My_Profile_Page_Test.java:50)
at java.base/java.util.ArrayList.forEach(ArrayList.java:1511)
... Removed 27 stack frames]]>
    </failure>
  </testcase> <!-- TC041_edit_profile_button -->
  <testcase classname="Page_Test.My_Profile_Page_Test" name="TC042_edit_Personal_Details" time="10.054">
    <failure type="org.openqa.selenium.NoSuchElementException" message="Time out after waiting for element (//android.widget.EditText[@resource-id=&amp;apos;com.customerapp.hero:id/text_input_editext&amp;apos;])[1] for 10000 ms
For documentation on this error, please visit: https://selenium.dev/exceptions/#no_such_element
Build info: version: &amp;apos;4.8.1&amp;apos;, revision: &amp;apos;8ebccac989&amp;apos;
System info: os.name: &amp;apos;Windows 10&amp;apos;, os.arch: &amp;apos;amd64&amp;apos;, os.version: &amp;apos;10.0&amp;apos;, java.version: &amp;apos;17.0.10&amp;apos;
Driver info: io.appium.java_client.android.AndroidDriver
Command: [eb230a27-a368-4ca6-a8a7-23c1b6f790a9, findElement {using=xpath, value=(//android.widget.EditText[@resource-id=&amp;apos;com.customerapp.hero:id/text_input_editext&amp;apos;])[1]}]
Capabilities {appium:app: /opt/raid-data/data/userV2/..., appium:appActivity: com.customerapp.hero.views...., appium:appPackage: com.customerapp.hero, appium:automationName: uiautomator2, appium:chromedriverPort: 31382, appium:databaseEnabled: false, appium:desired: {app: /opt/raid-data/data/userV2/..., appActivity: com.customerapp.hero.views...., appPackage: com.customerapp.hero, automationName: uiautomator2, chromedriverPort: 31382, deviceName: 618, launchTimeout: 90000, newCommandTimeout: 600, pcloudy:options: {appiumVersion: 2.0.0, pCloudy_ApiKey: 2gdc5pv55mh54mqtwmvj4xbr, pCloudy_DeviceManufacturer: SAMSUNG, pCloudy_DeviceVersion: 13.0.0, pCloudy_DurationInMinutes: 120, pCloudy_EnableDeviceLogs: true, pCloudy_EnablePerformanceData: true, pCloudy_EnableVideo: true, pCloudy_Username: randhir.kumar@heromotocorp.com, pCloudy_WildNet: false}, platformName: android, platformVersion: 12.0.0, systemPort: 31384, udid: RZ8R11NR6FH}, appium:deviceApiLevel: 33, appium:deviceManufacturer: samsung, appium:deviceModel: SM-A715F, appium:deviceName: RZ8R11NR6FH, appium:deviceScreenDensity: 420, appium:deviceScreenSize: 1080x2400, appium:deviceUDID: RZ8R11NR6FH, appium:javascriptEnabled: true, appium:launchTimeout: 90000, appium:locationContextEnabled: false, appium:networkConnectionEnabled: true, appium:newCommandTimeout: 600, appium:pixelRatio: 2.625, appium:platformVersion: 13, appium:statBarHeight: 91, appium:systemPort: 31384, appium:takesScreenshot: true, appium:udid: RZ8R11NR6FH, appium:viewportRect: {height: 2092, left: 0, top: 91, width: 1080}, appium:warnings: {}, appium:webStorageEnabled: false, pcloudy:options: {appiumVersion: 2.0.0, pCloudy_ApiKey: 2gdc5pv55mh54mqtwmvj4xbr, pCloudy_DeviceManufacturer: SAMSUNG, pCloudy_DeviceVersion: 13.0.0, pCloudy_DurationInMinutes: 120, pCloudy_EnableDeviceLogs: true, pCloudy_EnablePerformanceData: true, pCloudy_EnableVideo: true, pCloudy_Username: randhir.kumar@heromotocorp.com, pCloudy_WildNet: false}, platformName: ANDROID}
Session ID: eb230a27-a368-4ca6-a8a7-23c1b6f790a9">
      <![CDATA[org.openqa.selenium.NoSuchElementException: Time out after waiting for element (//android.widget.EditText[@resource-id='com.customerapp.hero:id/text_input_editext'])[1] for 10000 ms
For documentation on this error, please visit: https://selenium.dev/exceptions/#no_such_element
Build info: version: '4.8.1', revision: '8ebccac989'
System info: os.name: 'Windows 10', os.arch: 'amd64', os.version: '10.0', java.version: '17.0.10'
Driver info: io.appium.java_client.android.AndroidDriver
Command: [eb230a27-a368-4ca6-a8a7-23c1b6f790a9, findElement {using=xpath, value=(//android.widget.EditText[@resource-id='com.customerapp.hero:id/text_input_editext'])[1]}]
Capabilities {appium:app: /opt/raid-data/data/userV2/..., appium:appActivity: com.customerapp.hero.views...., appium:appPackage: com.customerapp.hero, appium:automationName: uiautomator2, appium:chromedriverPort: 31382, appium:databaseEnabled: false, appium:desired: {app: /opt/raid-data/data/userV2/..., appActivity: com.customerapp.hero.views...., appPackage: com.customerapp.hero, automationName: uiautomator2, chromedriverPort: 31382, deviceName: 618, launchTimeout: 90000, newCommandTimeout: 600, pcloudy:options: {appiumVersion: 2.0.0, pCloudy_ApiKey: 2gdc5pv55mh54mqtwmvj4xbr, pCloudy_DeviceManufacturer: SAMSUNG, pCloudy_DeviceVersion: 13.0.0, pCloudy_DurationInMinutes: 120, pCloudy_EnableDeviceLogs: true, pCloudy_EnablePerformanceData: true, pCloudy_EnableVideo: true, pCloudy_Username: randhir.kumar@heromotocorp.com, pCloudy_WildNet: false}, platformName: android, platformVersion: 12.0.0, systemPort: 31384, udid: RZ8R11NR6FH}, appium:deviceApiLevel: 33, appium:deviceManufacturer: samsung, appium:deviceModel: SM-A715F, appium:deviceName: RZ8R11NR6FH, appium:deviceScreenDensity: 420, appium:deviceScreenSize: 1080x2400, appium:deviceUDID: RZ8R11NR6FH, appium:javascriptEnabled: true, appium:launchTimeout: 90000, appium:locationContextEnabled: false, appium:networkConnectionEnabled: true, appium:newCommandTimeout: 600, appium:pixelRatio: 2.625, appium:platformVersion: 13, appium:statBarHeight: 91, appium:systemPort: 31384, appium:takesScreenshot: true, appium:udid: RZ8R11NR6FH, appium:viewportRect: {height: 2092, left: 0, top: 91, width: 1080}, appium:warnings: {}, appium:webStorageEnabled: false, pcloudy:options: {appiumVersion: 2.0.0, pCloudy_ApiKey: 2gdc5pv55mh54mqtwmvj4xbr, pCloudy_DeviceManufacturer: SAMSUNG, pCloudy_DeviceVersion: 13.0.0, pCloudy_DurationInMinutes: 120, pCloudy_EnableDeviceLogs: true, pCloudy_EnablePerformanceData: true, pCloudy_EnableVideo: true, pCloudy_Username: randhir.kumar@heromotocorp.com, pCloudy_WildNet: false}, platformName: ANDROID}
Session ID: eb230a27-a368-4ca6-a8a7-23c1b6f790a9
at org.openqa.selenium.remote.codec.w3c.W3CHttpResponseCodec.createException(W3CHttpResponseCodec.java:200)
at org.openqa.selenium.remote.codec.w3c.W3CHttpResponseCodec.decode(W3CHttpResponseCodec.java:133)
at org.openqa.selenium.remote.codec.w3c.W3CHttpResponseCodec.decode(W3CHttpResponseCodec.java:53)
at org.openqa.selenium.remote.HttpCommandExecutor.execute(HttpCommandExecutor.java:184)
at io.appium.java_client.remote.AppiumCommandExecutor.execute(AppiumCommandExecutor.java:262)
at org.openqa.selenium.remote.RemoteWebDriver.execute(RemoteWebDriver.java:543)
at org.openqa.selenium.remote.ElementLocation$ElementFinder$2.findElement(ElementLocation.java:162)
at org.openqa.selenium.remote.ElementLocation.findElement(ElementLocation.java:60)
at org.openqa.selenium.remote.RemoteWebDriver.findElement(RemoteWebDriver.java:352)
at org.openqa.selenium.remote.RemoteWebDriver.findElement(RemoteWebDriver.java:344)
at org.openqa.selenium.support.pagefactory.DefaultElementLocator.findElement(DefaultElementLocator.java:70)
at org.openqa.selenium.support.pagefactory.internal.LocatingElementHandler.invoke(LocatingElementHandler.java:39)
at jdk.proxy2/jdk.proxy2.$Proxy32.getText(Unknown Source)
at Page_Test.My_Profile_Page_Test.TC042_edit_Personal_Details(My_Profile_Page_Test.java:74)
at java.base/java.util.ArrayList.forEach(ArrayList.java:1511)
... Removed 32 stack frames]]>
    </failure>
  </testcase> <!-- TC042_edit_Personal_Details -->
  <testcase classname="Page_Test.My_Profile_Page_Test" name="TC043_change_original_Personal_Details" time="0.0">
    <skipped/>
  </testcase> <!-- TC043_change_original_Personal_Details -->
  <testcase classname="Page_Test.My_Profile_Page_Test" name="TC044_Manage_License" time="14.402"/>
  <testcase classname="Page_Test.My_Profile_Page_Test" name="TC045_Verify_emergency_contacts" time="25.619"/>
  <testcase classname="Page_Test.Vehicle_Details_test" name="TC046_Verify_My_Vehicle" time="29.24"/>
  <testcase classname="Page_Test.Vehicle_Details_test" name="TC047_Verify_My_Vehicle_Documents" time="51.809"/>
  <testcase classname="Page_Test.Vehicle_Details_test" name="TC048_Verify_My_Vehicle_Subscriptions_details" time="51.181"/>
  <testcase classname="Page_Test.Vehicle_Details_test" name="TC049_Verify_Owners_Manual" time="38.137"/>
  <testcase classname="Page_Test.Vehicle_Details_test" name="TC051_Verify_Tips_and_DIY_videos_inside_sideMenu" time="28.399"/>
  <testcase classname="Page_Test.Refer_a_friend_and_Contact_us_test" name="TC052_Refer_a_friend" time="33.396"/>
  <testcase classname="Page_Test.Refer_a_friend_and_Contact_us_test" name="TC053_Verify_Select_State" time="21.89"/>
  <testcase classname="Page_Test.Refer_a_friend_and_Contact_us_test" name="TC054_Verify_Select_City" time="9.073"/>
  <testcase classname="Page_Test.Refer_a_friend_and_Contact_us_test" name="TC055_Verify_Select_Model" time="34.461"/>
  <testcase classname="Page_Test.Refer_a_friend_and_Contact_us_test" name="TC056_Verify_Refer_yourself" time="78.227"/>
  <testcase classname="Page_Test.Refer_a_friend_and_Contact_us_test" name="TC057_Verify_Facebook_in_Contact_us_page" time="29.357"/>
  <testcase classname="Page_Test.Refer_a_friend_and_Contact_us_test" name="TC058_Verify_instagram_in_Contact_us_page" time="11.659"/>
  <testcase classname="Page_Test.Refer_a_friend_and_Contact_us_test" name="TC059_Verify_Whatsapp_in_Contact_us_page" time="2.096"/>
  <testcase classname="Page_Test.Refer_a_friend_and_Contact_us_test" name="TC060_Verify_youTube_in_Contact_us_page" time="10.534"/>
  <testcase classname="Page_Test.Refer_a_friend_and_Contact_us_test" name="TC061_Verify_Linkedin_in_Contact_us_page" time="43.17"/>
  <testcase classname="Page_Test.Refer_a_friend_and_Contact_us_test" name="TC062_Verify_twitter_in_Contact_us_page" time="18.589"/>
  <testcase classname="Page_Test.Refer_a_friend_and_Contact_us_test" name="TC063_Verify_Contact_via_Email" time="17.493"/>
  <testcase classname="Page_Test.Safety_Measures_and_Symbols_Glossary_Test" name="TC064_Verify_Safety_Measures" time="34.75"/>
  <testcase classname="Page_Test.Safety_Measures_and_Symbols_Glossary_Test" name="TC065_Verify_Symbols_Glossary" time="117.346"/>
  <testcase classname="Page_Test.Feedback_and_About_Hero_test" name="TC066_Verify_App_Related_Feedback" time="39.815"/>
  <testcase classname="Page_Test.Feedback_and_About_Hero_test" name="TC067_Verify_Sales_Feedback" time="22.825"/>
  <testcase classname="Page_Test.Feedback_and_About_Hero_test" name="TC068_Verify_Service_Feedback" time="22.215"/>
  <testcase classname="Page_Test.Feedback_and_About_Hero_test" name="TC069_Verify_Parts_Feedback" time="22.775"/>
  <testcase classname="Page_Test.Feedback_and_About_Hero_test" name="TC070_Verify_Goodlife_Feedback" time="22.099"/>
  <testcase classname="Page_Test.Feedback_and_About_Hero_test" name="TC071_Verify_Suggestions_Feedback" time="29.345"/>
  <testcase classname="Page_Test.Feedback_and_About_Hero_test" name="TC072_verify_About_Hero" time="28.529"/>
  <testcase classname="Page_Test.Feedback_and_About_Hero_test" name="TC073_verify_Side_menu_page_function" time="22.975"/>
  <testcase classname="Page_Test.Feedback_and_About_Hero_test" name="TC074_Wheels_of_Trust" time="43.294"/>
  <testcase classname="Page_Test.Feedback_and_About_Hero_test" name="TC075_Verify_joyride" time="50.49"/>
  <testcase classname="Page_Test.Services_Page_Test" name="TC076_Vehicle_details_on_service_page" time="13.971"/>
  <testcase classname="Page_Test.Services_Page_Test" name="TC077_verify_service_type" time="7.827"/>
  <testcase classname="Page_Test.Services_Page_Test" name="TC078_verify_Dealer_information" time="7.339"/>
  <testcase classname="Page_Test.Services_Page_Test" name="TC079_verify_Reschedule_Service" time="42.528"/>
  <testcase classname="Page_Test.Services_Page_Test" name="TC080_verify_Cancel_Service" time="11.552"/>
  <testcase classname="Page_Test.Services_Page_Test" name="TC081_Verify_dealer_manager_info" time="10.055"/>
  <testcase classname="Page_Test.Services_Page_Test" name="TC082_View_Service_schedule_750" time="63.719"/>
  <testcase classname="Page_Test.Services_Page_Test" name="TC083_View_Service_schedule_3500" time="58.671"/>
  <testcase classname="Page_Test.Services_Page_Test" name="TC084_View_Service_schedule_6500" time="62.822"/>
  <testcase classname="Page_Test.Services_Page_Test" name="TC085_View_Service_schedule_9500" time="58.69"/>
  <testcase classname="Page_Test.Services_Page_Test" name="TC086_View_Service_schedule_12500" time="65.509"/>
  <testcase classname="Page_Test.Services_Page_Test" name="TC087_View_Service_schedule_15500" time="60.655"/>
  <testcase classname="Page_Test.Services_Page_Test" name="TC088_View_Service_schedule_18500" time="56.917"/>
  <testcase classname="Page_Test.Services_Page_Test" name="TC089_View_Service_schedule_21500" time="63.449"/>
  <testcase classname="Page_Test.Services_Page_Test" name="TC090_View_Service_schedule_24500" time="54.986"/>
  <testcase classname="Page_Test.Services_Page_Test" name="TC091_View_Service_schedule_27500" time="67.158"/>
  <testcase classname="Page_Test.Services_Page_Test" name="TC092_View_Service_schedule_60_days" time="60.136"/>
  <testcase classname="Page_Test.Services_Page_Test" name="TC093_View_Service_schedule_160_days" time="57.031"/>
  <testcase classname="Page_Test.Services_Page_Test" name="TC094_View_Service_schedule_260_days" time="59.991"/>
  <testcase classname="Page_Test.Services_Page_Test" name="TC095_View_Service_schedule_360_days" time="58.39"/>
  <testcase classname="Page_Test.Services_Page_Test" name="TC096_View_Service_schedule_460_days" time="62.952"/>
  <testcase classname="Page_Test.Services_Page_Test" name="TC097_View_Service_schedule_560_days" time="59.423"/>
  <testcase classname="Page_Test.Services_Page_Test" name="TC098_View_Service_schedule_660_days" time="54.903"/>
  <testcase classname="Page_Test.Services_Page_Test" name="TC099_View_Service_schedule_760_days" time="61.298"/>
  <testcase classname="Page_Test.Services_Page_Test" name="TC100_View_Service_schedule_860_days" time="60.638"/>
  <testcase classname="Page_Test.Services_Page_Test" name="TC101_Verify_Last_Serviced" time="8.145"/>
  <testcase classname="Page_Test.Services_Page_Test" name="TC102_Verify_all_tips_list" time="143.028"/>
  <testcase classname="Page_Test.Services_Page_Test" name="TC103_Verify_all_DIY_Videos_list" time="60.769">
    <failure type="java.lang.IndexOutOfBoundsException" message="Index 15 out of bounds for length 15">
      <![CDATA[java.lang.IndexOutOfBoundsException: Index 15 out of bounds for length 15
at java.base/jdk.internal.util.Preconditions.outOfBounds(Preconditions.java:64)
at java.base/jdk.internal.util.Preconditions.outOfBoundsCheckIndex(Preconditions.java:70)
at java.base/jdk.internal.util.Preconditions.checkIndex(Preconditions.java:266)
at java.base/java.util.Objects.checkIndex(Objects.java:361)
at java.base/java.util.ArrayList.get(ArrayList.java:427)
at org.openqa.selenium.support.pagefactory.internal.LocatingElementListHandler.invoke(LocatingElementListHandler.java:40)
at jdk.proxy2/jdk.proxy2.$Proxy33.get(Unknown Source)
at com.page_object.Services_Page.DIY_Videos_list(Services_Page.java:545)
at Page_Test.Services_Page_Test.TC103_Verify_all_DIY_Videos_list(Services_Page_Test.java:367)
at java.base/java.util.ArrayList.forEach(ArrayList.java:1511)
... Removed 30 stack frames]]>
    </failure>
  </testcase> <!-- TC103_Verify_all_DIY_Videos_list -->
  <testcase classname="Page_Test.GoodLifePage_Test" name="TC104_Verify_goodlife_info" time="36.468"/>
  <testcase classname="Page_Test.GoodLifePage_Test" name="TC105_View_All_Membership_Plan" time="102.594"/>
  <testcase classname="Page_Test.GoodLifePage_Test" name="TC106_Verify_Membership_Information" time="12.499"/>
  <testcase classname="Page_Test.GoodLifePage_Test" name="TC107_Earning_and_Redemption_History" time="18.057"/>
  <testcase classname="Page_Test.GoodLifePage_Test" name="TC108_Complete_Profile" time="14.635"/>
  <testcase classname="Page_Test.GoodLifePage_Test" name="TC109_Verify_Welcome_Rewards" time="12.997"/>
  <testcase classname="Page_Test.GoodLifePage_Test" name="TC110_Verify_refer_friend_in_Goodlife" time="42.019"/>
  <testcase classname="Page_Test.GoodLifePage_Test" name="TC111_Verify_Winner_Of_The_Month" time="13.206"/>
  <testcase classname="Page_Test.GoodLifePage_Test" name="TC112_verify_Points_Earning_and_Redemption" time="65.881"/>
  <testcase classname="Page_Test.GoodLifePage_Test" name="TC113_verify_Service_Privilegers" time="23.465"/>
  <testcase classname="Page_Test.GoodLifePage_Test" name="TC114_verify_Benefits_and_Experiences" time="24.404"/>
  <testcase classname="Page_Test.E_Shop_test" name="TC115_registered_customers" time="52.925"/>
  <testcase classname="Page_Test.E_Shop_test" name="TC116_new_customers" time="91.967"/>
  <testcase classname="com.utility.Base_Utility" name="@BeforeTest OPEN_AND_INSTALL_APP" time="0.0">
    <ignored/>
  </testcase> <!-- @BeforeTest OPEN_AND_INSTALL_APP -->
  <testcase classname="com.utility.Base_Utility" name="@BeforeTest OPEN_AND_INSTALL_APP" time="0.0">
    <ignored/>
  </testcase> <!-- @BeforeTest OPEN_AND_INSTALL_APP -->
  <testcase classname="com.utility.Base_Utility" name="@BeforeTest OPEN_AND_INSTALL_APP" time="0.0">
    <ignored/>
  </testcase> <!-- @BeforeTest OPEN_AND_INSTALL_APP -->
  <testcase classname="com.utility.Base_Utility" name="@BeforeTest OPEN_AND_INSTALL_APP" time="0.0">
    <ignored/>
  </testcase> <!-- @BeforeTest OPEN_AND_INSTALL_APP -->
  <testcase classname="com.utility.Base_Utility" name="@BeforeTest OPEN_AND_INSTALL_APP" time="0.0">
    <ignored/>
  </testcase> <!-- @BeforeTest OPEN_AND_INSTALL_APP -->
  <testcase classname="com.utility.Base_Utility" name="@BeforeTest OPEN_AND_INSTALL_APP" time="0.0">
    <ignored/>
  </testcase> <!-- @BeforeTest OPEN_AND_INSTALL_APP -->
  <testcase classname="com.utility.Base_Utility" name="@BeforeTest OPEN_AND_INSTALL_APP" time="0.0">
    <ignored/>
  </testcase> <!-- @BeforeTest OPEN_AND_INSTALL_APP -->
  <testcase classname="com.utility.Base_Utility" name="@BeforeTest OPEN_AND_INSTALL_APP" time="0.0">
    <ignored/>
  </testcase> <!-- @BeforeTest OPEN_AND_INSTALL_APP -->
  <testcase classname="com.utility.Base_Utility" name="@BeforeTest OPEN_AND_INSTALL_APP" time="0.0">
    <ignored/>
  </testcase> <!-- @BeforeTest OPEN_AND_INSTALL_APP -->
  <testcase classname="com.utility.Base_Utility" name="@BeforeTest OPEN_AND_INSTALL_APP" time="0.0">
    <ignored/>
  </testcase> <!-- @BeforeTest OPEN_AND_INSTALL_APP -->
</testsuite> <!-- All test class -->
