<?xml version="1.0" encoding="UTF-8"?>
<!-- Generated by org.testng.reporters.JUnitXMLReporter -->
<testsuite ignored="0" hostname="DESKTOP-DC5U0BQ" failures="1" tests="11" name="Home_Page_Test" time="487.19" errors="0" timestamp="2023-12-11T14:37:13 IST">
  <testcase classname="Page_Test.Home_Page_Test" name="TC017_Home_page_verify" time="112.137"/>
  <testcase classname="Page_Test.Home_Page_Test" name="TC018__verify_Navigate" time="31.014"/>
  <testcase classname="Page_Test.Home_Page_Test" name="TC019_Verify_Documents" time="19.263">
    <failure type="java.lang.IndexOutOfBoundsException" message="Index 2 out of bounds for length 2">
      <![CDATA[java.lang.IndexOutOfBoundsException: Index 2 out of bounds for length 2
at java.base/jdk.internal.util.Preconditions.outOfBounds(Preconditions.java:100)
at java.base/jdk.internal.util.Preconditions.outOfBoundsCheckIndex(Preconditions.java:106)
at java.base/jdk.internal.util.Preconditions.checkIndex(Preconditions.java:302)
at java.base/java.util.Objects.checkIndex(Objects.java:385)
at java.base/java.util.ArrayList.get(ArrayList.java:427)
at org.openqa.selenium.support.pagefactory.internal.LocatingElementListHandler.invoke(LocatingElementListHandler.java:40)
at jdk.proxy2/jdk.proxy2.$Proxy34.get(Unknown Source)
at com.page_object.Home_Page.Documents_list(Home_Page.java:268)
at Page_Test.Home_Page_Test.TC019_Verify_Documents(Home_Page_Test.java:67)
at java.base/java.util.ArrayList.forEach(ArrayList.java:1511)
... Removed 27 stack frames]]>
    </failure>
  </testcase> <!-- TC019_Verify_Documents -->
  <testcase classname="Page_Test.Home_Page_Test" name="TC020_Verify_Relationship_Manager" time="103.275"/>
  <testcase classname="Page_Test.Home_Page_Test" name="TC021_Verify_RSA" time="28.963"/>
  <testcase classname="Page_Test.Home_Page_Test" name="TC022_Renew_RSA" time="16.166"/>
  <testcase classname="Page_Test.Home_Page_Test" name="TC023_frequently_asked_questions" time="39.711"/>
  <testcase classname="Page_Test.Home_Page_Test" name="TC024_Verify_Technical_Support_Manager" time="49.674"/>
  <testcase classname="Page_Test.Home_Page_Test" name="TC025_Verify_Dealer_Locator" time="14.643"/>
  <testcase classname="Page_Test.Home_Page_Test" name="TC026_Select_city" time="35.155"/>
  <testcase classname="Page_Test.Home_Page_Test" name="TC027_View_dealer_name_and_address" time="19.872"/>
</testsuite> <!-- Home_Page_Test -->
