<html>
<head>
<title>TestNG:  Login_page</title>
<link href="../testng.css" rel="stylesheet" type="text/css" />
<link href="../my-testng.css" rel="stylesheet" type="text/css" />

<style type="text/css">
.log { display: none;} 
.stack-trace { display: none;} 
</style>
<script type="text/javascript">
<!--
function flip(e) {
  current = e.style.display;
  if (current == 'block') {
    e.style.display = 'none';
    return 0;
  }
  else {
    e.style.display = 'block';
    return 1;
  }
}

function toggleBox(szDivId, elem, msg1, msg2)
{
  var res = -1;  if (document.getElementById) {
    res = flip(document.getElementById(szDivId));
  }
  else if (document.all) {
    // this is the way old msie versions work
    res = flip(document.all[szDivId]);
  }
  if(elem) {
    if(res == 0) elem.innerHTML = msg1; else elem.innerHTML = msg2;
  }

}

function toggleAllBoxes() {
  if (document.getElementsByTagName) {
    d = document.getElementsByTagName('div');
    for (i = 0; i < d.length; i++) {
      if (d[i].className == 'log') {
        flip(d[i]);
      }
    }
  }
}

// -->
</script>

</head>
<body>
<h2 align='center'>Login_page</h2><table border='1' align="center">
<tr>
<td>Tests passed/Failed/Skipped:</td><td>12/1/0</td>
</tr><tr>
<td>Started on:</td><td>Wed Jul 31 13:52:35 IST 2024</td>
</tr>
<tr><td>Total time:</td><td>388 seconds (388756 ms)</td>
</tr><tr>
<td>Included groups:</td><td></td>
</tr><tr>
<td>Excluded groups:</td><td></td>
</tr>
</table><p/>
<small><i>(Hover the method name to see the test class name)</i></small><p/>
<table width='100%' border='1' class='invocation-failed'>
<tr><td colspan='4' align='center'><b>FAILED TESTS</b></td></tr>
<tr><td><b>Test method</b></td>
<td><b>Attribute(s)</b></td>
<td width="30%"><b>Exception</b></td>
<td width="10%"><b>Time (seconds)</b></td>
<td><b>Instance</b></td>
</tr>
<tr>
<td title='Page_Test.Login_Page_Test.TC008_contact_Us()'><b>TC008_contact_Us</b><br>Test class: Page_Test.Login_Page_Test</td>
<td><div><pre>java.lang.NullPointerException: Cannot invoke &quot;com.utility.listner.getcapcture(String)&quot; because &quot;com.utility.Base_Utility.lis&quot; is null
	at com.utility.Base_Utility.msg(Base_Utility.java:493)
	at Page_Test.Login_Page_Test.TC008_contact_Us(Login_Page_Test.java:145)
	at java.base/java.util.ArrayList.forEach(ArrayList.java:1597)
... Removed 25 stack frames</pre></div><a href='#' onClick='toggleBox("stack-trace1429204602", this, "Click to show all stack frames", "Click to hide stack frames")'>Click to show all stack frames</a>
<div class='stack-trace' id='stack-trace1429204602'><pre>java.lang.NullPointerException: Cannot invoke &quot;com.utility.listner.getcapcture(String)&quot; because &quot;com.utility.Base_Utility.lis&quot; is null
	at com.utility.Base_Utility.msg(Base_Utility.java:493)
	at Page_Test.Login_Page_Test.TC008_contact_Us(Login_Page_Test.java:145)
	at java.base/jdk.internal.reflect.DirectMethodHandleAccessor.invoke(DirectMethodHandleAccessor.java:103)
	at java.base/java.lang.reflect.Method.invoke(Method.java:580)
	at org.testng.internal.invokers.MethodInvocationHelper.invokeMethod(MethodInvocationHelper.java:139)
	at org.testng.internal.invokers.TestInvoker.invokeMethod(TestInvoker.java:677)
	at org.testng.internal.invokers.TestInvoker.invokeTestMethod(TestInvoker.java:221)
	at org.testng.internal.invokers.MethodRunner.runInSequence(MethodRunner.java:50)
	at org.testng.internal.invokers.TestInvoker$MethodInvocationAgent.invoke(TestInvoker.java:969)
	at org.testng.internal.invokers.TestInvoker.invokeTestMethods(TestInvoker.java:194)
	at org.testng.internal.invokers.TestMethodWorker.invokeTestMethods(TestMethodWorker.java:148)
	at org.testng.internal.invokers.TestMethodWorker.run(TestMethodWorker.java:128)
	at java.base/java.util.ArrayList.forEach(ArrayList.java:1597)
	at org.testng.TestRunner.privateRun(TestRunner.java:829)
	at org.testng.TestRunner.run(TestRunner.java:602)
	at org.testng.SuiteRunner.runTest(SuiteRunner.java:437)
	at org.testng.SuiteRunner.runSequentially(SuiteRunner.java:431)
	at org.testng.SuiteRunner.privateRun(SuiteRunner.java:391)
	at org.testng.SuiteRunner.run(SuiteRunner.java:330)
	at org.testng.SuiteRunnerWorker.runSuite(SuiteRunnerWorker.java:52)
	at org.testng.SuiteRunnerWorker.run(SuiteRunnerWorker.java:95)
	at org.testng.TestNG.runSuitesSequentially(TestNG.java:1256)
	at org.testng.TestNG.runSuitesLocally(TestNG.java:1176)
	at org.testng.TestNG.runSuites(TestNG.java:1099)
	at org.testng.TestNG.run(TestNG.java:1067)
	at org.testng.remote.AbstractRemoteTestNG.run(AbstractRemoteTestNG.java:115)
	at org.testng.remote.RemoteTestNG.initAndRun(RemoteTestNG.java:293)
	at org.testng.remote.RemoteTestNG.main(RemoteTestNG.java:91)
</pre></div></td>
<td>24</td>
<td>Page_Test.Login_Page_Test@4758820d</td></tr>
</table><p>
<table width='100%' border='1' class='invocation-passed'>
<tr><td colspan='4' align='center'><b>PASSED TESTS</b></td></tr>
<tr><td><b>Test method</b></td>
<td><b>Attribute(s)</b></td>
<td width="30%"><b>Exception</b></td>
<td width="10%"><b>Time (seconds)</b></td>
<td><b>Instance</b></td>
</tr>
<tr>
<td title='Page_Test.Login_Page_Test.TC005_max_digit_mobile_number()'><b>TC005_max_digit_mobile_number</b><br>Test class: Page_Test.Login_Page_Test</td>
<td></td>
<td>7</td>
<td>Page_Test.Login_Page_Test@4758820d</td></tr>
<tr>
<td title='Page_Test.Login_Page_Test.TC006_Terms_of_use_button()'><b>TC006_Terms_of_use_button</b><br>Test class: Page_Test.Login_Page_Test</td>
<td></td>
<td>17</td>
<td>Page_Test.Login_Page_Test@4758820d</td></tr>
<tr>
<td title='Page_Test.Login_Page_Test.TC009_Continue_as_guest()'><b>TC009_Continue_as_guest</b><br>Test class: Page_Test.Login_Page_Test</td>
<td></td>
<td>62</td>
<td>Page_Test.Login_Page_Test@4758820d</td></tr>
<tr>
<td title='Page_Test.Login_Page_Test.TC013_edit_moble()'><b>TC013_edit_moble</b><br>Test class: Page_Test.Login_Page_Test</td>
<td></td>
<td>43</td>
<td>Page_Test.Login_Page_Test@4758820d</td></tr>
<tr>
<td title='Page_Test.Login_Page_Test.TC001_Verify_Login_with_Invalid_credential()'><b>TC001_Verify_Login_with_Invalid_credential</b><br>Test class: Page_Test.Login_Page_Test</td>
<td></td>
<td>10</td>
<td>Page_Test.Login_Page_Test@4758820d</td></tr>
<tr>
<td title='Page_Test.Login_Page_Test.TC011_resend_butn()'><b>TC011_resend_butn</b><br>Test class: Page_Test.Login_Page_Test</td>
<td></td>
<td>20</td>
<td>Page_Test.Login_Page_Test@4758820d</td></tr>
<tr>
<td title='Page_Test.Login_Page_Test.TC010_Verify_Login_with_valid_credential()'><b>TC010_Verify_Login_with_valid_credential</b><br>Test class: Page_Test.Login_Page_Test</td>
<td></td>
<td>39</td>
<td>Page_Test.Login_Page_Test@4758820d</td></tr>
<tr>
<td title='Page_Test.Login_Page_Test.TC004_Verify_Login_with_short_length_of_mobile_number_credential()'><b>TC004_Verify_Login_with_short_length_of_mobile_number_credential</b><br>Test class: Page_Test.Login_Page_Test</td>
<td></td>
<td>6</td>
<td>Page_Test.Login_Page_Test@4758820d</td></tr>
<tr>
<td title='Page_Test.Login_Page_Test.TC002_invalidmobileno()'><b>TC002_invalidmobileno</b><br>Test class: Page_Test.Login_Page_Test</td>
<td></td>
<td>13</td>
<td>Page_Test.Login_Page_Test@4758820d</td></tr>
<tr>
<td title='Page_Test.Login_Page_Test.TC012_inavalid_OTP()'><b>TC012_inavalid_OTP</b><br>Test class: Page_Test.Login_Page_Test</td>
<td></td>
<td>23</td>
<td>Page_Test.Login_Page_Test@4758820d</td></tr>
<tr>
<td title='Page_Test.Login_Page_Test.TC003_verify_update_number()'><b>TC003_verify_update_number</b><br>Test class: Page_Test.Login_Page_Test</td>
<td></td>
<td>19</td>
<td>Page_Test.Login_Page_Test@4758820d</td></tr>
<tr>
<td title='Page_Test.Login_Page_Test.TC007_Privacy_policy()'><b>TC007_Privacy_policy</b><br>Test class: Page_Test.Login_Page_Test</td>
<td></td>
<td>15</td>
<td>Page_Test.Login_Page_Test@4758820d</td></tr>
</table><p>
</body>
</html>