<?xml version="1.0" encoding="UTF-8"?>
<testng-results ignored="0" total="13" passed="10" failed="3" skipped="0">
  <reporter-output>
  </reporter-output>
  <suite started-at="2024-11-13T15:29:51 IST" name="Hero_App" finished-at="2024-11-13T15:44:36 IST" duration-ms="885519">
    <groups>
    </groups>
    <test started-at="2024-11-13T15:29:51 IST" name="Login_page" finished-at="2024-11-13T15:44:36 IST" duration-ms="885519">
      <class name="Page_Test.Login_Page_Test">
        <test-method is-config="true" signature="OPEN_AND_INSTALL_APP()[pri:0, instance:Page_Test.Login_Page_Test@2d10e0b1]" started-at="2024-11-13T15:29:51 IST" name="OPEN_AND_INSTALL_APP" finished-at="2024-11-13T15:30:01 IST" duration-ms="9674" status="PASS">
          <reporter-output>
          </reporter-output>
        </test-method> <!-- OPEN_AND_INSTALL_APP -->
        <test-method signature="TC001_Setup_Prerequisites()[pri:0, instance:Page_Test.Login_Page_Test@2d10e0b1]" started-at="2024-11-13T15:30:01 IST" name="TC001_Setup_Prerequisites" finished-at="2024-11-13T15:30:46 IST" duration-ms="45439" status="PASS">
          <reporter-output>
          </reporter-output>
        </test-method> <!-- TC001_Setup_Prerequisites -->
        <test-method signature="TC002_invalidmobileno()[pri:1, instance:Page_Test.Login_Page_Test@2d10e0b1]" started-at="2024-11-13T15:30:46 IST" name="TC002_invalidmobileno" finished-at="2024-11-13T15:32:19 IST" duration-ms="92613" status="PASS">
          <reporter-output>
          </reporter-output>
        </test-method> <!-- TC002_invalidmobileno -->
        <test-method signature="TC003_verify_update_number()[pri:2, instance:Page_Test.Login_Page_Test@2d10e0b1]" started-at="2024-11-13T15:32:19 IST" name="TC003_verify_update_number" finished-at="2024-11-13T15:33:51 IST" duration-ms="92461" status="FAIL">
          <exception class="org.openqa.selenium.NoSuchElementException">
            <message>
              <![CDATA[An element could not be located on the page using the given search parameters.
For documentation on this error, please visit: https://selenium.dev/exceptions/#no_such_element
Build info: version: '4.8.1', revision: '8ebccac989'
System info: os.name: 'Mac OS X', os.arch: 'x86_64', os.version: '14.6.1', java.version: '22.0.1'
Driver info: io.appium.java_client.ios.IOSDriver
Command: [574aaba7-1322-4196-a2a3-d29f0731c822, findElement {using=xpath, value=//*[@name='Allow']}]
Capabilities {appium:automationName: XCUITest, appium:bundleId: com.customerapp.hero, appium:databaseEnabled: false, appium:javascriptEnabled: true, appium:locationContextEnabled: false, appium:networkConnectionEnabled: false, appium:platformVersion: 17.7, appium:showXcodeLog: true, appium:takesScreenshot: true, appium:udid: 00008120-0004798A21F9A01E, appium:webStorageEnabled: false, platformName: IOS}
Session ID: 574aaba7-1322-4196-a2a3-d29f0731c822]]>
            </message>
            <full-stacktrace>
              <![CDATA[org.openqa.selenium.NoSuchElementException: An element could not be located on the page using the given search parameters.
For documentation on this error, please visit: https://selenium.dev/exceptions/#no_such_element
Build info: version: '4.8.1', revision: '8ebccac989'
System info: os.name: 'Mac OS X', os.arch: 'x86_64', os.version: '14.6.1', java.version: '22.0.1'
Driver info: io.appium.java_client.ios.IOSDriver
Command: [574aaba7-1322-4196-a2a3-d29f0731c822, findElement {using=xpath, value=//*[@name='Allow']}]
Capabilities {appium:automationName: XCUITest, appium:bundleId: com.customerapp.hero, appium:databaseEnabled: false, appium:javascriptEnabled: true, appium:locationContextEnabled: false, appium:networkConnectionEnabled: false, appium:platformVersion: 17.7, appium:showXcodeLog: true, appium:takesScreenshot: true, appium:udid: 00008120-0004798A21F9A01E, appium:webStorageEnabled: false, platformName: IOS}
Session ID: 574aaba7-1322-4196-a2a3-d29f0731c822
at java.base/jdk.internal.reflect.DirectConstructorHandleAccessor.newInstance(DirectConstructorHandleAccessor.java:62)
at java.base/java.lang.reflect.Constructor.newInstanceWithCaller(Constructor.java:502)
at java.base/java.lang.reflect.Constructor.newInstance(Constructor.java:486)
at org.openqa.selenium.remote.codec.w3c.W3CHttpResponseCodec.createException(W3CHttpResponseCodec.java:200)
at org.openqa.selenium.remote.codec.w3c.W3CHttpResponseCodec.decode(W3CHttpResponseCodec.java:133)
at org.openqa.selenium.remote.codec.w3c.W3CHttpResponseCodec.decode(W3CHttpResponseCodec.java:53)
at org.openqa.selenium.remote.HttpCommandExecutor.execute(HttpCommandExecutor.java:184)
at io.appium.java_client.remote.AppiumCommandExecutor.execute(AppiumCommandExecutor.java:262)
at org.openqa.selenium.remote.RemoteWebDriver.execute(RemoteWebDriver.java:543)
at org.openqa.selenium.remote.ElementLocation$ElementFinder$2.findElement(ElementLocation.java:162)
at org.openqa.selenium.remote.ElementLocation.findElement(ElementLocation.java:60)
at org.openqa.selenium.remote.RemoteWebDriver.findElement(RemoteWebDriver.java:352)
at org.openqa.selenium.remote.RemoteWebDriver.findElement(RemoteWebDriver.java:344)
at org.openqa.selenium.support.pagefactory.DefaultElementLocator.findElement(DefaultElementLocator.java:70)
at org.openqa.selenium.support.pagefactory.internal.LocatingElementHandler.invoke(LocatingElementHandler.java:39)
at jdk.proxy2/jdk.proxy2.$Proxy33.getText(Unknown Source)
at Page_Test.Login_Page_Test.TC003_verify_update_number(Login_Page_Test.java:70)
at java.base/jdk.internal.reflect.DirectMethodHandleAccessor.invoke(DirectMethodHandleAccessor.java:103)
at java.base/java.lang.reflect.Method.invoke(Method.java:580)
at org.testng.internal.invokers.MethodInvocationHelper.invokeMethod(MethodInvocationHelper.java:139)
at org.testng.internal.invokers.TestInvoker.invokeMethod(TestInvoker.java:677)
at org.testng.internal.invokers.TestInvoker.invokeTestMethod(TestInvoker.java:221)
at org.testng.internal.invokers.MethodRunner.runInSequence(MethodRunner.java:50)
at org.testng.internal.invokers.TestInvoker$MethodInvocationAgent.invoke(TestInvoker.java:969)
at org.testng.internal.invokers.TestInvoker.invokeTestMethods(TestInvoker.java:194)
at org.testng.internal.invokers.TestMethodWorker.invokeTestMethods(TestMethodWorker.java:148)
at org.testng.internal.invokers.TestMethodWorker.run(TestMethodWorker.java:128)
at java.base/java.util.ArrayList.forEach(ArrayList.java:1597)
at org.testng.TestRunner.privateRun(TestRunner.java:829)
at org.testng.TestRunner.run(TestRunner.java:602)
at org.testng.SuiteRunner.runTest(SuiteRunner.java:437)
at org.testng.SuiteRunner.runSequentially(SuiteRunner.java:431)
at org.testng.SuiteRunner.privateRun(SuiteRunner.java:391)
at org.testng.SuiteRunner.run(SuiteRunner.java:330)
at org.testng.SuiteRunnerWorker.runSuite(SuiteRunnerWorker.java:52)
at org.testng.SuiteRunnerWorker.run(SuiteRunnerWorker.java:95)
at org.testng.TestNG.runSuitesSequentially(TestNG.java:1256)
at org.testng.TestNG.runSuitesLocally(TestNG.java:1176)
at org.testng.TestNG.runSuites(TestNG.java:1099)
at org.testng.TestNG.run(TestNG.java:1067)
at org.testng.remote.AbstractRemoteTestNG.run(AbstractRemoteTestNG.java:115)
at org.testng.remote.RemoteTestNG.initAndRun(RemoteTestNG.java:293)
at org.testng.remote.RemoteTestNG.main(RemoteTestNG.java:91)
]]>
            </full-stacktrace>
          </exception> <!-- org.openqa.selenium.NoSuchElementException -->
          <reporter-output>
          </reporter-output>
        </test-method> <!-- TC003_verify_update_number -->
        <test-method signature="TC004_Verify_Login_with_short_length_of_mobile_number_credential()[pri:3, instance:Page_Test.Login_Page_Test@2d10e0b1]" started-at="2024-11-13T15:33:52 IST" name="TC004_Verify_Login_with_short_length_of_mobile_number_credential" finished-at="2024-11-13T15:34:39 IST" duration-ms="46291" status="FAIL">
          <exception class="org.openqa.selenium.NoSuchElementException">
            <message>
              <![CDATA[An element could not be located on the page using the given search parameters.
For documentation on this error, please visit: https://selenium.dev/exceptions/#no_such_element
Build info: version: '4.8.1', revision: '8ebccac989'
System info: os.name: 'Mac OS X', os.arch: 'x86_64', os.version: '14.6.1', java.version: '22.0.1'
Driver info: io.appium.java_client.ios.IOSDriver
Command: [574aaba7-1322-4196-a2a3-d29f0731c822, findElement {using=xpath, value=//XCUIElementTypeTextField[@name=' Registered mobile number']}]
Capabilities {appium:automationName: XCUITest, appium:bundleId: com.customerapp.hero, appium:databaseEnabled: false, appium:javascriptEnabled: true, appium:locationContextEnabled: false, appium:networkConnectionEnabled: false, appium:platformVersion: 17.7, appium:showXcodeLog: true, appium:takesScreenshot: true, appium:udid: 00008120-0004798A21F9A01E, appium:webStorageEnabled: false, platformName: IOS}
Session ID: 574aaba7-1322-4196-a2a3-d29f0731c822]]>
            </message>
            <full-stacktrace>
              <![CDATA[org.openqa.selenium.NoSuchElementException: An element could not be located on the page using the given search parameters.
For documentation on this error, please visit: https://selenium.dev/exceptions/#no_such_element
Build info: version: '4.8.1', revision: '8ebccac989'
System info: os.name: 'Mac OS X', os.arch: 'x86_64', os.version: '14.6.1', java.version: '22.0.1'
Driver info: io.appium.java_client.ios.IOSDriver
Command: [574aaba7-1322-4196-a2a3-d29f0731c822, findElement {using=xpath, value=//XCUIElementTypeTextField[@name=' Registered mobile number']}]
Capabilities {appium:automationName: XCUITest, appium:bundleId: com.customerapp.hero, appium:databaseEnabled: false, appium:javascriptEnabled: true, appium:locationContextEnabled: false, appium:networkConnectionEnabled: false, appium:platformVersion: 17.7, appium:showXcodeLog: true, appium:takesScreenshot: true, appium:udid: 00008120-0004798A21F9A01E, appium:webStorageEnabled: false, platformName: IOS}
Session ID: 574aaba7-1322-4196-a2a3-d29f0731c822
at java.base/jdk.internal.reflect.DirectConstructorHandleAccessor.newInstance(DirectConstructorHandleAccessor.java:62)
at java.base/java.lang.reflect.Constructor.newInstanceWithCaller(Constructor.java:502)
at java.base/java.lang.reflect.Constructor.newInstance(Constructor.java:486)
at org.openqa.selenium.remote.codec.w3c.W3CHttpResponseCodec.createException(W3CHttpResponseCodec.java:200)
at org.openqa.selenium.remote.codec.w3c.W3CHttpResponseCodec.decode(W3CHttpResponseCodec.java:133)
at org.openqa.selenium.remote.codec.w3c.W3CHttpResponseCodec.decode(W3CHttpResponseCodec.java:53)
at org.openqa.selenium.remote.HttpCommandExecutor.execute(HttpCommandExecutor.java:184)
at io.appium.java_client.remote.AppiumCommandExecutor.execute(AppiumCommandExecutor.java:262)
at org.openqa.selenium.remote.RemoteWebDriver.execute(RemoteWebDriver.java:543)
at org.openqa.selenium.remote.ElementLocation$ElementFinder$2.findElement(ElementLocation.java:162)
at org.openqa.selenium.remote.ElementLocation.findElement(ElementLocation.java:60)
at org.openqa.selenium.remote.RemoteWebDriver.findElement(RemoteWebDriver.java:352)
at org.openqa.selenium.remote.RemoteWebDriver.findElement(RemoteWebDriver.java:344)
at org.openqa.selenium.support.pagefactory.DefaultElementLocator.findElement(DefaultElementLocator.java:70)
at org.openqa.selenium.support.pagefactory.internal.LocatingElementHandler.invoke(LocatingElementHandler.java:39)
at jdk.proxy2/jdk.proxy2.$Proxy33.clear(Unknown Source)
at Page_Test.Login_Page_Test.TC004_Verify_Login_with_short_length_of_mobile_number_credential(Login_Page_Test.java:77)
at java.base/jdk.internal.reflect.DirectMethodHandleAccessor.invoke(DirectMethodHandleAccessor.java:103)
at java.base/java.lang.reflect.Method.invoke(Method.java:580)
at org.testng.internal.invokers.MethodInvocationHelper.invokeMethod(MethodInvocationHelper.java:139)
at org.testng.internal.invokers.TestInvoker.invokeMethod(TestInvoker.java:677)
at org.testng.internal.invokers.TestInvoker.invokeTestMethod(TestInvoker.java:221)
at org.testng.internal.invokers.MethodRunner.runInSequence(MethodRunner.java:50)
at org.testng.internal.invokers.TestInvoker$MethodInvocationAgent.invoke(TestInvoker.java:969)
at org.testng.internal.invokers.TestInvoker.invokeTestMethods(TestInvoker.java:194)
at org.testng.internal.invokers.TestMethodWorker.invokeTestMethods(TestMethodWorker.java:148)
at org.testng.internal.invokers.TestMethodWorker.run(TestMethodWorker.java:128)
at java.base/java.util.ArrayList.forEach(ArrayList.java:1597)
at org.testng.TestRunner.privateRun(TestRunner.java:829)
at org.testng.TestRunner.run(TestRunner.java:602)
at org.testng.SuiteRunner.runTest(SuiteRunner.java:437)
at org.testng.SuiteRunner.runSequentially(SuiteRunner.java:431)
at org.testng.SuiteRunner.privateRun(SuiteRunner.java:391)
at org.testng.SuiteRunner.run(SuiteRunner.java:330)
at org.testng.SuiteRunnerWorker.runSuite(SuiteRunnerWorker.java:52)
at org.testng.SuiteRunnerWorker.run(SuiteRunnerWorker.java:95)
at org.testng.TestNG.runSuitesSequentially(TestNG.java:1256)
at org.testng.TestNG.runSuitesLocally(TestNG.java:1176)
at org.testng.TestNG.runSuites(TestNG.java:1099)
at org.testng.TestNG.run(TestNG.java:1067)
at org.testng.remote.AbstractRemoteTestNG.run(AbstractRemoteTestNG.java:115)
at org.testng.remote.RemoteTestNG.initAndRun(RemoteTestNG.java:293)
at org.testng.remote.RemoteTestNG.main(RemoteTestNG.java:91)
]]>
            </full-stacktrace>
          </exception> <!-- org.openqa.selenium.NoSuchElementException -->
          <reporter-output>
          </reporter-output>
        </test-method> <!-- TC004_Verify_Login_with_short_length_of_mobile_number_credential -->
        <test-method signature="TC005_max_digit_mobile_number()[pri:4, instance:Page_Test.Login_Page_Test@2d10e0b1]" started-at="2024-11-13T15:34:39 IST" name="TC005_max_digit_mobile_number" finished-at="2024-11-13T15:35:25 IST" duration-ms="45436" status="FAIL">
          <exception class="org.openqa.selenium.NoSuchElementException">
            <message>
              <![CDATA[An element could not be located on the page using the given search parameters.
For documentation on this error, please visit: https://selenium.dev/exceptions/#no_such_element
Build info: version: '4.8.1', revision: '8ebccac989'
System info: os.name: 'Mac OS X', os.arch: 'x86_64', os.version: '14.6.1', java.version: '22.0.1'
Driver info: io.appium.java_client.ios.IOSDriver
Command: [574aaba7-1322-4196-a2a3-d29f0731c822, findElement {using=xpath, value=//XCUIElementTypeTextField[@name=' Registered mobile number']}]
Capabilities {appium:automationName: XCUITest, appium:bundleId: com.customerapp.hero, appium:databaseEnabled: false, appium:javascriptEnabled: true, appium:locationContextEnabled: false, appium:networkConnectionEnabled: false, appium:platformVersion: 17.7, appium:showXcodeLog: true, appium:takesScreenshot: true, appium:udid: 00008120-0004798A21F9A01E, appium:webStorageEnabled: false, platformName: IOS}
Session ID: 574aaba7-1322-4196-a2a3-d29f0731c822]]>
            </message>
            <full-stacktrace>
              <![CDATA[org.openqa.selenium.NoSuchElementException: An element could not be located on the page using the given search parameters.
For documentation on this error, please visit: https://selenium.dev/exceptions/#no_such_element
Build info: version: '4.8.1', revision: '8ebccac989'
System info: os.name: 'Mac OS X', os.arch: 'x86_64', os.version: '14.6.1', java.version: '22.0.1'
Driver info: io.appium.java_client.ios.IOSDriver
Command: [574aaba7-1322-4196-a2a3-d29f0731c822, findElement {using=xpath, value=//XCUIElementTypeTextField[@name=' Registered mobile number']}]
Capabilities {appium:automationName: XCUITest, appium:bundleId: com.customerapp.hero, appium:databaseEnabled: false, appium:javascriptEnabled: true, appium:locationContextEnabled: false, appium:networkConnectionEnabled: false, appium:platformVersion: 17.7, appium:showXcodeLog: true, appium:takesScreenshot: true, appium:udid: 00008120-0004798A21F9A01E, appium:webStorageEnabled: false, platformName: IOS}
Session ID: 574aaba7-1322-4196-a2a3-d29f0731c822
at java.base/jdk.internal.reflect.DirectConstructorHandleAccessor.newInstance(DirectConstructorHandleAccessor.java:62)
at java.base/java.lang.reflect.Constructor.newInstanceWithCaller(Constructor.java:502)
at java.base/java.lang.reflect.Constructor.newInstance(Constructor.java:486)
at org.openqa.selenium.remote.codec.w3c.W3CHttpResponseCodec.createException(W3CHttpResponseCodec.java:200)
at org.openqa.selenium.remote.codec.w3c.W3CHttpResponseCodec.decode(W3CHttpResponseCodec.java:133)
at org.openqa.selenium.remote.codec.w3c.W3CHttpResponseCodec.decode(W3CHttpResponseCodec.java:53)
at org.openqa.selenium.remote.HttpCommandExecutor.execute(HttpCommandExecutor.java:184)
at io.appium.java_client.remote.AppiumCommandExecutor.execute(AppiumCommandExecutor.java:262)
at org.openqa.selenium.remote.RemoteWebDriver.execute(RemoteWebDriver.java:543)
at org.openqa.selenium.remote.ElementLocation$ElementFinder$2.findElement(ElementLocation.java:162)
at org.openqa.selenium.remote.ElementLocation.findElement(ElementLocation.java:60)
at org.openqa.selenium.remote.RemoteWebDriver.findElement(RemoteWebDriver.java:352)
at org.openqa.selenium.remote.RemoteWebDriver.findElement(RemoteWebDriver.java:344)
at org.openqa.selenium.support.pagefactory.DefaultElementLocator.findElement(DefaultElementLocator.java:70)
at org.openqa.selenium.support.pagefactory.internal.LocatingElementHandler.invoke(LocatingElementHandler.java:39)
at jdk.proxy2/jdk.proxy2.$Proxy33.clear(Unknown Source)
at Page_Test.Login_Page_Test.TC005_max_digit_mobile_number(Login_Page_Test.java:86)
at java.base/jdk.internal.reflect.DirectMethodHandleAccessor.invoke(DirectMethodHandleAccessor.java:103)
at java.base/java.lang.reflect.Method.invoke(Method.java:580)
at org.testng.internal.invokers.MethodInvocationHelper.invokeMethod(MethodInvocationHelper.java:139)
at org.testng.internal.invokers.TestInvoker.invokeMethod(TestInvoker.java:677)
at org.testng.internal.invokers.TestInvoker.invokeTestMethod(TestInvoker.java:221)
at org.testng.internal.invokers.MethodRunner.runInSequence(MethodRunner.java:50)
at org.testng.internal.invokers.TestInvoker$MethodInvocationAgent.invoke(TestInvoker.java:969)
at org.testng.internal.invokers.TestInvoker.invokeTestMethods(TestInvoker.java:194)
at org.testng.internal.invokers.TestMethodWorker.invokeTestMethods(TestMethodWorker.java:148)
at org.testng.internal.invokers.TestMethodWorker.run(TestMethodWorker.java:128)
at java.base/java.util.ArrayList.forEach(ArrayList.java:1597)
at org.testng.TestRunner.privateRun(TestRunner.java:829)
at org.testng.TestRunner.run(TestRunner.java:602)
at org.testng.SuiteRunner.runTest(SuiteRunner.java:437)
at org.testng.SuiteRunner.runSequentially(SuiteRunner.java:431)
at org.testng.SuiteRunner.privateRun(SuiteRunner.java:391)
at org.testng.SuiteRunner.run(SuiteRunner.java:330)
at org.testng.SuiteRunnerWorker.runSuite(SuiteRunnerWorker.java:52)
at org.testng.SuiteRunnerWorker.run(SuiteRunnerWorker.java:95)
at org.testng.TestNG.runSuitesSequentially(TestNG.java:1256)
at org.testng.TestNG.runSuitesLocally(TestNG.java:1176)
at org.testng.TestNG.runSuites(TestNG.java:1099)
at org.testng.TestNG.run(TestNG.java:1067)
at org.testng.remote.AbstractRemoteTestNG.run(AbstractRemoteTestNG.java:115)
at org.testng.remote.RemoteTestNG.initAndRun(RemoteTestNG.java:293)
at org.testng.remote.RemoteTestNG.main(RemoteTestNG.java:91)
]]>
            </full-stacktrace>
          </exception> <!-- org.openqa.selenium.NoSuchElementException -->
          <reporter-output>
          </reporter-output>
        </test-method> <!-- TC005_max_digit_mobile_number -->
        <test-method signature="TC006_Terms_of_use_button()[pri:5, instance:Page_Test.Login_Page_Test@2d10e0b1]" started-at="2024-11-13T15:35:26 IST" name="TC006_Terms_of_use_button" finished-at="2024-11-13T15:36:59 IST" duration-ms="93599" status="PASS">
          <reporter-output>
          </reporter-output>
        </test-method> <!-- TC006_Terms_of_use_button -->
        <test-method signature="TC007_Privacy_policy()[pri:6, instance:Page_Test.Login_Page_Test@2d10e0b1]" started-at="2024-11-13T15:36:59 IST" name="TC007_Privacy_policy" finished-at="2024-11-13T15:38:14 IST" duration-ms="74132" status="PASS">
          <reporter-output>
          </reporter-output>
        </test-method> <!-- TC007_Privacy_policy -->
        <test-method signature="TC008_contact_Us()[pri:7, instance:Page_Test.Login_Page_Test@2d10e0b1]" started-at="2024-11-13T15:38:14 IST" name="TC008_contact_Us" finished-at="2024-11-13T15:38:29 IST" duration-ms="15154" status="PASS">
          <reporter-output>
          </reporter-output>
        </test-method> <!-- TC008_contact_Us -->
        <test-method signature="TC009_Continue_as_guest()[pri:8, instance:Page_Test.Login_Page_Test@2d10e0b1]" started-at="2024-11-13T15:38:29 IST" name="TC009_Continue_as_guest" finished-at="2024-11-13T15:40:39 IST" duration-ms="130358" status="PASS">
          <reporter-output>
          </reporter-output>
        </test-method> <!-- TC009_Continue_as_guest -->
        <test-method signature="TC010_Verify_Login_with_valid_credential()[pri:9, instance:Page_Test.Login_Page_Test@2d10e0b1]" started-at="2024-11-13T15:40:39 IST" name="TC010_Verify_Login_with_valid_credential" finished-at="2024-11-13T15:41:32 IST" duration-ms="53076" status="PASS">
          <reporter-output>
          </reporter-output>
        </test-method> <!-- TC010_Verify_Login_with_valid_credential -->
        <test-method signature="TC011_resend_butn()[pri:10, instance:Page_Test.Login_Page_Test@2d10e0b1]" started-at="2024-11-13T15:41:32 IST" name="TC011_resend_butn" finished-at="2024-11-13T15:41:59 IST" duration-ms="26521" status="PASS">
          <reporter-output>
          </reporter-output>
        </test-method> <!-- TC011_resend_butn -->
        <test-method signature="TC012_inavalid_OTP()[pri:11, instance:Page_Test.Login_Page_Test@2d10e0b1]" started-at="2024-11-13T15:41:59 IST" name="TC012_inavalid_OTP" finished-at="2024-11-13T15:42:35 IST" duration-ms="36257" status="PASS">
          <reporter-output>
          </reporter-output>
        </test-method> <!-- TC012_inavalid_OTP -->
        <test-method signature="TC013_edit_moble()[pri:12, instance:Page_Test.Login_Page_Test@2d10e0b1]" started-at="2024-11-13T15:42:35 IST" name="TC013_edit_moble" finished-at="2024-11-13T15:44:35 IST" duration-ms="120430" status="PASS">
          <reporter-output>
          </reporter-output>
        </test-method> <!-- TC013_edit_moble -->
        <test-method is-config="true" signature="tear_Down()[pri:0, instance:Page_Test.Login_Page_Test@2d10e0b1]" started-at="2024-11-13T15:44:35 IST" name="tear_Down" finished-at="2024-11-13T15:44:36 IST" duration-ms="1056" status="PASS">
          <reporter-output>
          </reporter-output>
        </test-method> <!-- tear_Down -->
      </class> <!-- Page_Test.Login_Page_Test -->
    </test> <!-- Login_page -->
  </suite> <!-- Hero_App -->
</testng-results>
